<?xml version="1.0" encoding="UTF-8"?>
<coverage generated="1706365428169" clover="3.2.0">
  <project timestamp="1706365428170" name="All files">
    <metrics statements="23" coveredstatements="23" conditionals="12" coveredconditionals="12" methods="3" coveredmethods="3" elements="38" coveredelements="38" complexity="0" loc="23" ncloc="23" packages="1" files="1" classes="1"/>
    <file name="Character.js" path="C:\Users\notebook\Desktop\oop2\src\Character.js">
      <metrics statements="23" coveredstatements="23" conditionals="12" coveredconditionals="12" methods="3" coveredmethods="3"/>
      <line num="3" count="8" type="cond" truecount="4" falsecount="0"/>
      <line num="4" count="2" type="stmt"/>
      <line num="7" count="6" type="stmt"/>
      <line num="8" count="6" type="cond" truecount="2" falsecount="0"/>
      <line num="9" count="1" type="stmt"/>
      <line num="12" count="5" type="stmt"/>
      <line num="13" count="5" type="stmt"/>
      <line num="14" count="5" type="stmt"/>
      <line num="15" count="5" type="stmt"/>
      <line num="16" count="5" type="stmt"/>
      <line num="17" count="5" type="stmt"/>
      <line num="21" count="2" type="cond" truecount="2" falsecount="0"/>
      <line num="22" count="1" type="stmt"/>
      <line num="25" count="1" type="stmt"/>
      <line num="26" count="1" type="stmt"/>
      <line num="27" count="1" type="stmt"/>
      <line num="28" count="1" type="stmt"/>
      <line num="32" count="3" type="cond" truecount="2" falsecount="0"/>
      <line num="33" count="1" type="stmt"/>
      <line num="36" count="2" type="stmt"/>
      <line num="37" count="2" type="stmt"/>
      <line num="38" count="2" type="cond" truecount="2" falsecount="0"/>
      <line num="39" count="1" type="stmt"/>
    </file>
  </project>
</coverage>
