TN:
SF:src\Character.js
FN:2,(anonymous_0)
FN:20,(anonymous_1)
FN:31,(anonymous_2)
FNF:3
FNH:3
FNDA:8,(anonymous_0)
FNDA:2,(anonymous_1)
FNDA:3,(anonymous_2)
DA:3,8
DA:4,2
DA:7,6
DA:8,6
DA:9,1
DA:12,5
DA:13,5
DA:14,5
DA:15,5
DA:16,5
DA:17,5
DA:21,2
DA:22,1
DA:25,1
DA:26,1
DA:27,1
DA:28,1
DA:32,3
DA:33,1
DA:36,2
DA:37,2
DA:38,2
DA:39,1
LF:23
LH:23
BRDA:3,0,0,2
BRDA:3,0,1,6
BRDA:3,1,0,8
BRDA:3,1,1,7
BRDA:8,2,0,1
BRDA:8,2,1,5
BRDA:21,3,0,1
BRDA:21,3,1,1
BRDA:32,4,0,1
BRDA:32,4,1,2
BRDA:38,5,0,1
BRDA:38,5,1,1
BRF:12
BRH:12
end_of_record
